
/home/runner/work/exp-polymerization-reactor-iitkgp/exp-polymerization-reactor-iitkgp/experiment/simulation/script.js
   12:10  warning  'uflow' is defined but never used     no-unused-vars
   16:2   warning  Mixed spaces and tabs                 no-mixed-spaces-and-tabs
   17:1   warning  Mixed spaces and tabs                 no-mixed-spaces-and-tabs
   18:1   warning  Mixed spaces and tabs                 no-mixed-spaces-and-tabs
   19:1   warning  Mixed spaces and tabs                 no-mixed-spaces-and-tabs
   20:1   warning  Mixed spaces and tabs                 no-mixed-spaces-and-tabs
   21:2   warning  Mixed spaces and tabs                 no-mixed-spaces-and-tabs
   22:1   warning  Mixed spaces and tabs                 no-mixed-spaces-and-tabs
   23:1   warning  Mixed spaces and tabs                 no-mixed-spaces-and-tabs
   24:1   warning  Mixed spaces and tabs                 no-mixed-spaces-and-tabs
   25:1   warning  Mixed spaces and tabs                 no-mixed-spaces-and-tabs
   26:2   warning  Mixed spaces and tabs                 no-mixed-spaces-and-tabs
   27:1   warning  Mixed spaces and tabs                 no-mixed-spaces-and-tabs
   28:1   warning  Mixed spaces and tabs                 no-mixed-spaces-and-tabs
   29:1   warning  Mixed spaces and tabs                 no-mixed-spaces-and-tabs
   30:1   warning  Mixed spaces and tabs                 no-mixed-spaces-and-tabs
   31:2   warning  Mixed spaces and tabs                 no-mixed-spaces-and-tabs
   32:1   warning  Mixed spaces and tabs                 no-mixed-spaces-and-tabs
   33:1   warning  Mixed spaces and tabs                 no-mixed-spaces-and-tabs
   34:1   warning  Mixed spaces and tabs                 no-mixed-spaces-and-tabs
   35:1   warning  Mixed spaces and tabs                 no-mixed-spaces-and-tabs
   36:2   warning  Mixed spaces and tabs                 no-mixed-spaces-and-tabs
   37:1   warning  Mixed spaces and tabs                 no-mixed-spaces-and-tabs
   38:1   warning  Mixed spaces and tabs                 no-mixed-spaces-and-tabs
   39:1   warning  Mixed spaces and tabs                 no-mixed-spaces-and-tabs
   40:1   warning  Mixed spaces and tabs                 no-mixed-spaces-and-tabs
   41:2   warning  Mixed spaces and tabs                 no-mixed-spaces-and-tabs
   42:1   warning  Mixed spaces and tabs                 no-mixed-spaces-and-tabs
   43:1   warning  Mixed spaces and tabs                 no-mixed-spaces-and-tabs
   44:1   warning  Mixed spaces and tabs                 no-mixed-spaces-and-tabs
   45:1   warning  Mixed spaces and tabs                 no-mixed-spaces-and-tabs
   46:2   warning  Mixed spaces and tabs                 no-mixed-spaces-and-tabs
   47:1   warning  Mixed spaces and tabs                 no-mixed-spaces-and-tabs
   48:1   warning  Mixed spaces and tabs                 no-mixed-spaces-and-tabs
   49:1   warning  Mixed spaces and tabs                 no-mixed-spaces-and-tabs
   50:1   warning  Mixed spaces and tabs                 no-mixed-spaces-and-tabs
   51:2   warning  Mixed spaces and tabs                 no-mixed-spaces-and-tabs
   52:1   warning  Mixed spaces and tabs                 no-mixed-spaces-and-tabs
   53:1   warning  Mixed spaces and tabs                 no-mixed-spaces-and-tabs
   54:1   warning  Mixed spaces and tabs                 no-mixed-spaces-and-tabs
   55:1   warning  Mixed spaces and tabs                 no-mixed-spaces-and-tabs
   56:2   warning  Mixed spaces and tabs                 no-mixed-spaces-and-tabs
   57:1   warning  Mixed spaces and tabs                 no-mixed-spaces-and-tabs
   58:1   warning  Mixed spaces and tabs                 no-mixed-spaces-and-tabs
   59:1   warning  Mixed spaces and tabs                 no-mixed-spaces-and-tabs
   60:1   warning  Mixed spaces and tabs                 no-mixed-spaces-and-tabs
   61:2   warning  Mixed spaces and tabs                 no-mixed-spaces-and-tabs
   62:1   warning  Mixed spaces and tabs                 no-mixed-spaces-and-tabs
   63:1   warning  Mixed spaces and tabs                 no-mixed-spaces-and-tabs
   64:1   warning  Mixed spaces and tabs                 no-mixed-spaces-and-tabs
   65:1   warning  Mixed spaces and tabs                 no-mixed-spaces-and-tabs
   66:2   warning  Mixed spaces and tabs                 no-mixed-spaces-and-tabs
   67:1   warning  Mixed spaces and tabs                 no-mixed-spaces-and-tabs
   68:1   warning  Mixed spaces and tabs                 no-mixed-spaces-and-tabs
   69:1   warning  Mixed spaces and tabs                 no-mixed-spaces-and-tabs
   70:1   warning  Mixed spaces and tabs                 no-mixed-spaces-and-tabs
   71:2   warning  Mixed spaces and tabs                 no-mixed-spaces-and-tabs
   72:1   warning  Mixed spaces and tabs                 no-mixed-spaces-and-tabs
   73:1   warning  Mixed spaces and tabs                 no-mixed-spaces-and-tabs
   74:1   warning  Mixed spaces and tabs                 no-mixed-spaces-and-tabs
   75:1   warning  Mixed spaces and tabs                 no-mixed-spaces-and-tabs
   76:1   warning  Mixed spaces and tabs                 no-mixed-spaces-and-tabs
   77:1   warning  Mixed spaces and tabs                 no-mixed-spaces-and-tabs
   78:1   warning  Mixed spaces and tabs                 no-mixed-spaces-and-tabs
   79:2   warning  Mixed spaces and tabs                 no-mixed-spaces-and-tabs
   80:1   warning  Mixed spaces and tabs                 no-mixed-spaces-and-tabs
   81:1   warning  Mixed spaces and tabs                 no-mixed-spaces-and-tabs
   82:1   warning  Mixed spaces and tabs                 no-mixed-spaces-and-tabs
   83:1   warning  Mixed spaces and tabs                 no-mixed-spaces-and-tabs
   84:1   warning  Mixed spaces and tabs                 no-mixed-spaces-and-tabs
   85:2   warning  Mixed spaces and tabs                 no-mixed-spaces-and-tabs
   86:1   warning  Mixed spaces and tabs                 no-mixed-spaces-and-tabs
   87:1   warning  Mixed spaces and tabs                 no-mixed-spaces-and-tabs
   88:1   warning  Mixed spaces and tabs                 no-mixed-spaces-and-tabs
   91:10  warning  'tankflow' is defined but never used  no-unused-vars
   93:1   warning  Mixed spaces and tabs                 no-mixed-spaces-and-tabs
   94:1   warning  Mixed spaces and tabs                 no-mixed-spaces-and-tabs
   96:1   warning  Mixed spaces and tabs                 no-mixed-spaces-and-tabs
   97:1   warning  Mixed spaces and tabs                 no-mixed-spaces-and-tabs
   99:1   warning  Mixed spaces and tabs                 no-mixed-spaces-and-tabs
  100:2   warning  Mixed spaces and tabs                 no-mixed-spaces-and-tabs
  101:1   warning  Mixed spaces and tabs                 no-mixed-spaces-and-tabs
  102:1   warning  Mixed spaces and tabs                 no-mixed-spaces-and-tabs
  104:1   warning  Mixed spaces and tabs                 no-mixed-spaces-and-tabs
  105:2   warning  Mixed spaces and tabs                 no-mixed-spaces-and-tabs
  106:1   warning  Mixed spaces and tabs                 no-mixed-spaces-and-tabs
  107:1   warning  Mixed spaces and tabs                 no-mixed-spaces-and-tabs
  108:1   warning  Mixed spaces and tabs                 no-mixed-spaces-and-tabs
  109:1   warning  Mixed spaces and tabs                 no-mixed-spaces-and-tabs
  110:1   warning  Mixed spaces and tabs                 no-mixed-spaces-and-tabs
  111:2   warning  Mixed spaces and tabs                 no-mixed-spaces-and-tabs
  112:1   warning  Mixed spaces and tabs                 no-mixed-spaces-and-tabs
  113:1   warning  Mixed spaces and tabs                 no-mixed-spaces-and-tabs
  114:2   warning  Mixed spaces and tabs                 no-mixed-spaces-and-tabs
  115:1   warning  Mixed spaces and tabs                 no-mixed-spaces-and-tabs
  116:1   warning  Mixed spaces and tabs                 no-mixed-spaces-and-tabs
  117:1   warning  Mixed spaces and tabs                 no-mixed-spaces-and-tabs
  118:2   warning  Mixed spaces and tabs                 no-mixed-spaces-and-tabs
  119:1   warning  Mixed spaces and tabs                 no-mixed-spaces-and-tabs
  120:1   warning  Mixed spaces and tabs                 no-mixed-spaces-and-tabs
  121:1   warning  Mixed spaces and tabs                 no-mixed-spaces-and-tabs
  122:1   warning  Mixed spaces and tabs                 no-mixed-spaces-and-tabs
  123:1   warning  Mixed spaces and tabs                 no-mixed-spaces-and-tabs
  124:1   warning  Mixed spaces and tabs                 no-mixed-spaces-and-tabs
  125:1   warning  Mixed spaces and tabs                 no-mixed-spaces-and-tabs
  126:2   warning  Mixed spaces and tabs                 no-mixed-spaces-and-tabs
  127:1   warning  Mixed spaces and tabs                 no-mixed-spaces-and-tabs
  128:1   warning  Mixed spaces and tabs                 no-mixed-spaces-and-tabs
  129:1   warning  Mixed spaces and tabs                 no-mixed-spaces-and-tabs
  130:2   warning  Mixed spaces and tabs                 no-mixed-spaces-and-tabs
  131:1   warning  Mixed spaces and tabs                 no-mixed-spaces-and-tabs
  132:1   warning  Mixed spaces and tabs                 no-mixed-spaces-and-tabs
  133:1   warning  Mixed spaces and tabs                 no-mixed-spaces-and-tabs
  134:1   warning  Mixed spaces and tabs                 no-mixed-spaces-and-tabs
  135:2   warning  Mixed spaces and tabs                 no-mixed-spaces-and-tabs
  136:1   warning  Mixed spaces and tabs                 no-mixed-spaces-and-tabs
  137:1   warning  Mixed spaces and tabs                 no-mixed-spaces-and-tabs
  138:1   warning  Mixed spaces and tabs                 no-mixed-spaces-and-tabs
  139:1   warning  Mixed spaces and tabs                 no-mixed-spaces-and-tabs
  140:2   warning  Mixed spaces and tabs                 no-mixed-spaces-and-tabs
  141:1   warning  Mixed spaces and tabs                 no-mixed-spaces-and-tabs
  142:1   warning  Mixed spaces and tabs                 no-mixed-spaces-and-tabs
  143:1   warning  Mixed spaces and tabs                 no-mixed-spaces-and-tabs
  144:2   warning  Mixed spaces and tabs                 no-mixed-spaces-and-tabs
  145:1   warning  Mixed spaces and tabs                 no-mixed-spaces-and-tabs
  146:1   warning  Mixed spaces and tabs                 no-mixed-spaces-and-tabs
  147:1   warning  Mixed spaces and tabs                 no-mixed-spaces-and-tabs
  148:2   warning  Mixed spaces and tabs                 no-mixed-spaces-and-tabs
  149:1   warning  Mixed spaces and tabs                 no-mixed-spaces-and-tabs
  150:1   warning  Mixed spaces and tabs                 no-mixed-spaces-and-tabs
  151:1   warning  Mixed spaces and tabs                 no-mixed-spaces-and-tabs
  152:2   warning  Mixed spaces and tabs                 no-mixed-spaces-and-tabs
  153:1   warning  Mixed spaces and tabs                 no-mixed-spaces-and-tabs
  154:1   warning  Mixed spaces and tabs                 no-mixed-spaces-and-tabs
  155:1   warning  Mixed spaces and tabs                 no-mixed-spaces-and-tabs
  156:1   warning  Mixed spaces and tabs                 no-mixed-spaces-and-tabs
  157:2   warning  Mixed spaces and tabs                 no-mixed-spaces-and-tabs
  158:1   warning  Mixed spaces and tabs                 no-mixed-spaces-and-tabs
  159:1   warning  Mixed spaces and tabs                 no-mixed-spaces-and-tabs
  160:2   warning  Mixed spaces and tabs                 no-mixed-spaces-and-tabs
  161:1   warning  Mixed spaces and tabs                 no-mixed-spaces-and-tabs
  162:1   warning  Mixed spaces and tabs                 no-mixed-spaces-and-tabs
  163:1   warning  Mixed spaces and tabs                 no-mixed-spaces-and-tabs
  164:2   warning  Mixed spaces and tabs                 no-mixed-spaces-and-tabs
  165:1   warning  Mixed spaces and tabs                 no-mixed-spaces-and-tabs
  166:1   warning  Mixed spaces and tabs                 no-mixed-spaces-and-tabs
  167:2   warning  Mixed spaces and tabs                 no-mixed-spaces-and-tabs
  168:1   warning  Mixed spaces and tabs                 no-mixed-spaces-and-tabs
  169:1   warning  Mixed spaces and tabs                 no-mixed-spaces-and-tabs
  170:2   warning  Mixed spaces and tabs                 no-mixed-spaces-and-tabs
  171:1   warning  Mixed spaces and tabs                 no-mixed-spaces-and-tabs
  172:1   warning  Mixed spaces and tabs                 no-mixed-spaces-and-tabs
  173:1   warning  Mixed spaces and tabs                 no-mixed-spaces-and-tabs
  174:2   warning  Mixed spaces and tabs                 no-mixed-spaces-and-tabs
  175:1   warning  Mixed spaces and tabs                 no-mixed-spaces-and-tabs
  176:1   warning  Mixed spaces and tabs                 no-mixed-spaces-and-tabs
  177:2   warning  Mixed spaces and tabs                 no-mixed-spaces-and-tabs
  178:1   warning  Mixed spaces and tabs                 no-mixed-spaces-and-tabs
  179:1   warning  Mixed spaces and tabs                 no-mixed-spaces-and-tabs
  180:2   warning  Mixed spaces and tabs                 no-mixed-spaces-and-tabs
  181:1   warning  Mixed spaces and tabs                 no-mixed-spaces-and-tabs
  182:1   warning  Mixed spaces and tabs                 no-mixed-spaces-and-tabs
  183:2   warning  Mixed spaces and tabs                 no-mixed-spaces-and-tabs
  184:1   warning  Mixed spaces and tabs                 no-mixed-spaces-and-tabs
  185:1   warning  Mixed spaces and tabs                 no-mixed-spaces-and-tabs
  186:2   warning  Mixed spaces and tabs                 no-mixed-spaces-and-tabs
  187:1   warning  Mixed spaces and tabs                 no-mixed-spaces-and-tabs
  188:1   warning  Mixed spaces and tabs                 no-mixed-spaces-and-tabs
  189:1   warning  Mixed spaces and tabs                 no-mixed-spaces-and-tabs
  190:1   warning  Mixed spaces and tabs                 no-mixed-spaces-and-tabs
  191:1   warning  Mixed spaces and tabs                 no-mixed-spaces-and-tabs
  192:1   warning  Mixed spaces and tabs                 no-mixed-spaces-and-tabs
  193:1   warning  Mixed spaces and tabs                 no-mixed-spaces-and-tabs
  194:1   warning  Mixed spaces and tabs                 no-mixed-spaces-and-tabs
  195:1   warning  Mixed spaces and tabs                 no-mixed-spaces-and-tabs
  196:2   warning  Mixed spaces and tabs                 no-mixed-spaces-and-tabs
  197:1   warning  Mixed spaces and tabs                 no-mixed-spaces-and-tabs
  198:1   warning  Mixed spaces and tabs                 no-mixed-spaces-and-tabs
  199:1   warning  Mixed spaces and tabs                 no-mixed-spaces-and-tabs
  200:2   warning  Mixed spaces and tabs                 no-mixed-spaces-and-tabs
  201:1   warning  Mixed spaces and tabs                 no-mixed-spaces-and-tabs
  202:1   warning  Mixed spaces and tabs                 no-mixed-spaces-and-tabs
  203:1   warning  Mixed spaces and tabs                 no-mixed-spaces-and-tabs
  204:2   warning  Mixed spaces and tabs                 no-mixed-spaces-and-tabs
  205:1   warning  Mixed spaces and tabs                 no-mixed-spaces-and-tabs
  206:1   warning  Mixed spaces and tabs                 no-mixed-spaces-and-tabs
  207:1   warning  Mixed spaces and tabs                 no-mixed-spaces-and-tabs
  208:2   warning  Mixed spaces and tabs                 no-mixed-spaces-and-tabs
  209:1   warning  Mixed spaces and tabs                 no-mixed-spaces-and-tabs
  210:1   warning  Mixed spaces and tabs                 no-mixed-spaces-and-tabs
  211:1   warning  Mixed spaces and tabs                 no-mixed-spaces-and-tabs
  212:1   warning  Mixed spaces and tabs                 no-mixed-spaces-and-tabs
  213:2   warning  Mixed spaces and tabs                 no-mixed-spaces-and-tabs
  214:1   warning  Mixed spaces and tabs                 no-mixed-spaces-and-tabs
  215:1   warning  Mixed spaces and tabs                 no-mixed-spaces-and-tabs
  216:1   warning  Mixed spaces and tabs                 no-mixed-spaces-and-tabs
  217:1   warning  Mixed spaces and tabs                 no-mixed-spaces-and-tabs
  218:1   warning  Mixed spaces and tabs                 no-mixed-spaces-and-tabs
  223:10  warning  'moveUp' is defined but never used    no-unused-vars
  238:10  warning  'moveDown' is defined but never used  no-unused-vars
  255:10  warning  'moveUp2' is defined but never used   no-unused-vars

✖ 201 problems (0 errors, 201 warnings)

